<?xml version="1.0" encoding="UTF-8"?>
<testsuite xmlns:xsi="http://www.w3.org/2001/XMLSchema-instance" xsi:noNamespaceSchemaLocation="https://maven.apache.org/surefire/maven-surefire-plugin/xsd/surefire-test-report.xsd" name="ru.netology.domain.RadioTest" time="0.586" tests="27" errors="0" skipped="0" failures="0">
  <properties>
[...]
</properties>
  <testcase name="shouldPressNext{int, int}[1]" classname="ru.netology.domain.RadioTest" time="0.158"/>
  <testcase name="shouldPressNext{int, int}[2]" classname="ru.netology.domain.RadioTest" time="0.003"/>
  <testcase name="shouldSetAndGetCurrentValume{int, int}[1]" classname="ru.netology.domain.RadioTest" time="0.002"/>
  <testcase name="shouldSetAndGetCurrentValume{int, int}[2]" classname="ru.netology.domain.RadioTest" time="0.005"/>
  <testcase name="shouldSetAndGetCurrentValume{int, int}[3]" classname="ru.netology.domain.RadioTest" time="0.002"/>
  <testcase name="shouldSetAndGetCurrentValume{int, int}[4]" classname="ru.netology.domain.RadioTest" time="0.002"/>
  <testcase name="shouldSetAndGetCurrentValume{int, int}[5]" classname="ru.netology.domain.RadioTest" time="0.002"/>
  <testcase name="shouldMinusCurrentValume{int, int}[1]" classname="ru.netology.domain.RadioTest" time="0.001"/>
  <testcase name="shouldMinusCurrentValume{int, int}[2]" classname="ru.netology.domain.RadioTest" time="0.002"/>
  <testcase name="shouldMinusCurrentValume{int, int}[3]" classname="ru.netology.domain.RadioTest" time="0.001"/>
  <testcase name="shouldSetAndGetCurrentRadioWave1{int, int}[1]" classname="ru.netology.domain.RadioTest" time="0.001"/>
  <testcase name="shouldSetAndGetCurrentRadioWave1{int, int}[2]" classname="ru.netology.domain.RadioTest" time="0.001"/>
  <testcase name="shouldSetAndGetCurrentRadioWave1{int, int}[3]" classname="ru.netology.domain.RadioTest" time="0.001"/>
  <testcase name="shouldSetAndGetCurrentRadioWave1{int, int}[4]" classname="ru.netology.domain.RadioTest" time="0.001"/>
  <testcase name="shouldSetAndGetCurrentRadioWave1{int, int}[5]" classname="ru.netology.domain.RadioTest" time="0.001"/>
  <testcase name="shouldSetAndGetCurrentWave{int, int}[1]" classname="ru.netology.domain.RadioTest" time="0.003"/>
  <testcase name="shouldSetAndGetCurrentWave{int, int}[2]" classname="ru.netology.domain.RadioTest" time="0.002"/>
  <testcase name="shouldSetAndGetCurrentWave{int, int}[3]" classname="ru.netology.domain.RadioTest" time="0.002"/>
  <testcase name="shouldSetAndGetCurrentWave{int, int}[4]" classname="ru.netology.domain.RadioTest" time="0.002"/>
  <testcase name="shouldSetAndGetCurrentWave{int, int}[5]" classname="ru.netology.domain.RadioTest" time="0.002"/>
  <testcase name="shouldPressNext1{int, int}[1]" classname="ru.netology.domain.RadioTest" time="0.001"/>
  <testcase name="shouldPressNext1{int, int}[2]" classname="ru.netology.domain.RadioTest" time="0.001"/>
  <testcase name="shouldPressPrevious{int, int}[1]" classname="ru.netology.domain.RadioTest" time="0.002"/>
  <testcase name="shouldPressPrevious{int, int}[2]" classname="ru.netology.domain.RadioTest" time="0.002"/>
  <testcase name="shouldPlusCurrentValume{int, int}[1]" classname="ru.netology.domain.RadioTest" time="0.001"/>
  <testcase name="shouldPlusCurrentValume{int, int}[2]" classname="ru.netology.domain.RadioTest" time="0.002"/>
  <testcase name="shouldPlusCurrentValume{int, int}[3]" classname="ru.netology.domain.RadioTest" time="0.001"/>
</testsuite>